\BOOKMARK [0][-]{chapter*.2}{\376\377\000A\000c\000k\000n\000o\000w\000l\000e\000d\000g\000m\000e\000n\000t\000s}{}% 1
\BOOKMARK [0][-]{chapter*.6}{\376\377\000L\000i\000s\000t\000\040\000o\000f\000\040\000F\000i\000g\000u\000r\000e\000s}{}% 2
\BOOKMARK [0][-]{chapter*.7}{\376\377\000L\000i\000s\000t\000\040\000o\000f\000\040\000T\000a\000b\000l\000e\000s}{}% 3
\BOOKMARK [0][-]{chapter.1}{\376\377\000P\000r\000o\000j\000e\000c\000t\000\040\000C\000o\000n\000t\000e\000x\000t}{}% 4
\BOOKMARK [1][-]{section*.9}{\376\377\000I\000n\000t\000r\000o\000d\000u\000c\000t\000i\000o\000n}{chapter.1}% 5
\BOOKMARK [1][-]{section.1.1}{\376\377\000P\000r\000e\000s\000e\000n\000t\000a\000t\000i\000o\000n\000\040\000o\000f\000\040\000t\000h\000e\000\040\000h\000o\000s\000t\000\040\000c\000o\000m\000p\000a\000n\000y}{chapter.1}% 6
\BOOKMARK [1][-]{section.1.2}{\376\377\000I\000n\000t\000e\000r\000n\000s\000h\000i\000p\000\040\000c\000o\000n\000t\000e\000x\000t\000\040\000a\000n\000d\000\040\000p\000r\000o\000j\000e\000c\000t\000\040\000o\000b\000j\000e\000c\000t\000i\000v\000e\000s}{chapter.1}% 7
\BOOKMARK [2][-]{subsection.1.2.1}{\376\377\000F\000i\000r\000s\000t\000\040\000v\000e\000r\000s\000i\000o\000n\000\040\000o\000f\000\040\000V\000i\000t\000a\000m\000i\000N\000u\000r\000s\000e}{section.1.2}% 8
\BOOKMARK [1][-]{section.1.3}{\376\377\000P\000r\000o\000b\000l\000e\000m\000\040\000S\000t\000a\000t\000e\000m\000e\000n\000t\000\040\000a\000n\000d\000\040\000C\000h\000a\000l\000l\000e\000n\000g\000e\000s}{chapter.1}% 9
\BOOKMARK [2][-]{subsection.1.3.1}{\376\377\000A\000n\000a\000l\000y\000s\000i\000s\000\040\000o\000f\000\040\000K\000e\000y\000\040\000C\000o\000m\000p\000e\000t\000i\000t\000o\000r\000\040\000A\000p\000p\000l\000i\000c\000a\000t\000i\000o\000n\000s}{section.1.3}% 10
\BOOKMARK [2][-]{subsection.1.3.2}{\376\377\000Y\000u\000k\000a}{section.1.3}% 11
\BOOKMARK [2][-]{subsection.1.3.3}{\376\377\000O\000p\000e\000n\000\040\000F\000o\000o\000d\000\040\000F\000a\000c\000t\000s}{section.1.3}% 12
\BOOKMARK [2][-]{subsection.1.3.4}{\376\377\000Q\000u\000e\000l\000P\000r\000o\000d\000u\000i\000t}{section.1.3}% 13
\BOOKMARK [2][-]{subsection.1.3.5}{\376\377\000F\000o\000o\000d\000\040\000C\000h\000e\000c\000k}{section.1.3}% 14
\BOOKMARK [2][-]{subsection.1.3.6}{\376\377\000K\000e\000y\000\040\000C\000h\000a\000l\000l\000e\000n\000g\000e\000s\000\040\000a\000n\000d\000\040\000g\000a\000p\000s\000\040\000i\000n\000\040\000C\000u\000r\000r\000e\000n\000t\000\040\000A\000p\000p\000l\000i\000c\000a\000t\000i\000o\000n\000s}{section.1.3}% 15
\BOOKMARK [1][-]{section.1.4}{\376\377\000P\000r\000o\000p\000o\000s\000e\000d\000\040\000S\000o\000l\000u\000t\000i\000o\000n}{chapter.1}% 16
\BOOKMARK [2][-]{subsection.1.4.1}{\376\377\000A\000n\000\040\000I\000n\000t\000e\000r\000a\000c\000t\000i\000v\000e\000\040\000N\000u\000t\000r\000i\000t\000i\000o\000n\000a\000l\000\040\000A\000s\000s\000i\000s\000t\000a\000n\000t}{section.1.4}% 17
\BOOKMARK [2][-]{subsection.1.4.2}{\376\377\000P\000e\000r\000s\000o\000n\000a\000l\000i\000z\000e\000d\000\040\000P\000r\000o\000d\000u\000c\000t\000\040\000R\000e\000c\000o\000m\000m\000e\000n\000d\000a\000t\000i\000o\000n\000s}{section.1.4}% 18
\BOOKMARK [2][-]{subsection.1.4.3}{\376\377\000P\000r\000o\000d\000u\000c\000t\000\040\000E\000v\000a\000l\000u\000a\000t\000i\000o\000n\000\040\000U\000s\000i\000n\000g\000\040\000A\000I}{section.1.4}% 19
\BOOKMARK [2][-]{subsection.1.4.4}{\376\377\000C\000o\000n\000t\000i\000n\000u\000o\000u\000s\000\040\000U\000p\000d\000a\000t\000e\000s\000\040\000o\000f\000\040\000P\000r\000o\000d\000u\000c\000t\000\040\000D\000a\000t\000a\000b\000a\000s\000e\000\040\000a\000n\000d\000\040\000U\000s\000e\000r\000\040\000P\000r\000o\000f\000i\000l\000e\000s}{section.1.4}% 20
\BOOKMARK [1][-]{section.1.5}{\376\377\000C\000o\000m\000p\000a\000r\000a\000t\000i\000v\000e\000\040\000S\000t\000u\000d\000y\000\040\000o\000f\000\040\000e\000x\000i\000s\000t\000i\000n\000g\000\040\000m\000e\000t\000h\000o\000d\000o\000l\000o\000g\000i\000e\000s}{chapter.1}% 21
\BOOKMARK [2][-]{subsection.1.5.1}{\376\377\000S\000c\000r\000u\000m\000\040\000M\000e\000t\000h\000o\000d}{section.1.5}% 22
\BOOKMARK [2][-]{subsection.1.5.2}{\376\377\000K\000a\000n\000b\000a\000n\000\040\000M\000e\000t\000h\000o\000d}{section.1.5}% 23
\BOOKMARK [2][-]{subsection.1.5.3}{\376\377\000X\000P\000\040\000M\000e\000t\000h\000o\000d\000\040\000\050\000e\000X\000t\000r\000e\000m\000e\000\040\000P\000r\000o\000g\000r\000a\000m\000m\000i\000n\000g\000\051}{section.1.5}% 24
\BOOKMARK [2][-]{subsection.1.5.4}{\376\377\000S\000c\000r\000u\000m\000b\000a\000n\000\040\000M\000e\000t\000h\000o\000d}{section.1.5}% 25
\BOOKMARK [1][-]{section.1.6}{\376\377\000T\000e\000a\000m\000\040\000M\000a\000n\000a\000g\000e\000m\000e\000n\000t\000\040\000M\000e\000t\000h\000o\000d\000o\000l\000o\000g\000y}{chapter.1}% 26
\BOOKMARK [1][-]{section.1.7}{\376\377\000C\000h\000o\000s\000e\000n\000\040\000t\000e\000c\000h\000n\000i\000c\000a\000l\000\040\000m\000e\000t\000h\000o\000d\000o\000l\000o\000g\000y}{chapter.1}% 27
\BOOKMARK [1][-]{figure.caption.20}{\376\377\000C\000o\000n\000c\000l\000u\000s\000i\000o\000n}{chapter.1}% 28
\BOOKMARK [0][-]{chapter.2}{\376\377\000I\000m\000p\000l\000e\000m\000e\000n\000t\000a\000t\000i\000o\000n\000\040\000o\000f\000\040\000T\000h\000e\000\040\000D\000a\000t\000a\000\040\000P\000i\000p\000e\000l\000i\000n\000e}{}% 29
\BOOKMARK [1][-]{section*.21}{\376\377\000I\000n\000t\000r\000o\000d\000u\000c\000t\000i\000o\000n}{chapter.2}% 30
\BOOKMARK [1][-]{section.2.1}{\376\377\000D\000a\000t\000a\000\040\000U\000n\000d\000e\000r\000s\000t\000a\000n\000d\000i\000n\000g}{chapter.2}% 31
\BOOKMARK [2][-]{subsection.2.1.1}{\376\377\000S\000o\000u\000r\000c\000e\000s}{section.2.1}% 32
\BOOKMARK [2][-]{subsection.2.1.2}{\376\377\000P\000r\000o\000b\000l\000e\000m\000s}{section.2.1}% 33
\BOOKMARK [2][-]{subsection.2.1.3}{\376\377\000D\000a\000t\000a\000\040\000e\000n\000r\000i\000c\000h\000m\000e\000n\000t}{section.2.1}% 34
\BOOKMARK [1][-]{section.2.2}{\376\377\000D\000a\000t\000a\000\040\000P\000r\000e\000p\000a\000r\000a\000t\000i\000o\000n\000:\000\040\000E\000T\000L\000\040\000P\000i\000p\000e\000l\000i\000n\000e}{chapter.2}% 35
\BOOKMARK [2][-]{subsection.2.2.1}{\376\377\000E\000x\000t\000r\000a\000c\000t}{section.2.2}% 36
\BOOKMARK [2][-]{subsection.2.2.2}{\376\377\000T\000r\000a\000n\000s\000f\000o\000r\000m}{section.2.2}% 37
\BOOKMARK [2][-]{subsection.2.2.3}{\376\377\000L\000o\000a\000d\000:\000\040\000D\000a\000t\000a\000\040\000S\000t\000o\000r\000a\000g\000e}{section.2.2}% 38
\BOOKMARK [2][-]{subsection.2.2.4}{\376\377\000P\000r\000i\000m\000a\000r\000y\000\040\000S\000t\000o\000r\000a\000g\000e\000\040\000i\000n\000\040\000M\000o\000n\000g\000o\000D\000B}{section.2.2}% 39
\BOOKMARK [2][-]{subsection.2.2.5}{\376\377\000O\000p\000t\000i\000m\000i\000z\000e\000d\000\040\000V\000e\000c\000t\000o\000r\000\040\000S\000t\000o\000r\000e\000\040\000i\000n\000\040\000C\000h\000r\000o\000m\000a\000D\000B\000\040\000:}{section.2.2}% 40
\BOOKMARK [2][-]{subsection.2.2.6}{\376\377\000D\000u\000a\000l\000-\000d\000a\000t\000a\000b\000a\000s\000e\000\040\000a\000r\000c\000h\000i\000t\000e\000c\000t\000u\000r\000e}{section.2.2}% 41
\BOOKMARK [0][-]{chapter.3}{\376\377\000N\000u\000t\000r\000i\000-\000p\000r\000e\000d\000-\000v\0001\000:\000\040\000A\000\040\000M\000o\000d\000e\000l\000\040\000f\000o\000r\000\040\000N\000u\000t\000r\000i\000t\000i\000o\000n\000\040\000V\000a\000l\000u\000e\000\040\000P\000r\000e\000d\000i\000c\000t\000i\000o\000n}{}% 42
\BOOKMARK [1][-]{section.3.1}{\376\377\000I\000n\000t\000r\000o\000d\000u\000c\000t\000i\000o\000n}{chapter.3}% 43
\BOOKMARK [1][-]{section.3.2}{\376\377\000D\000a\000t\000a\000\040\000A\000c\000q\000u\000i\000s\000i\000t\000i\000o\000n\000\040\000a\000n\000d\000\040\000I\000n\000i\000t\000i\000a\000l\000\040\000S\000e\000t\000u\000p}{chapter.3}% 44
\BOOKMARK [1][-]{section.3.3}{\376\377\000D\000a\000t\000a\000\040\000E\000x\000p\000l\000o\000r\000a\000t\000i\000o\000n\000\040\000a\000n\000d\000\040\000C\000l\000e\000a\000n\000i\000n\000g}{chapter.3}% 45
\BOOKMARK [2][-]{subsection.3.3.1}{\376\377\000I\000n\000i\000t\000i\000a\000l\000\040\000D\000a\000t\000a\000s\000e\000t\000\040\000O\000v\000e\000r\000v\000i\000e\000w}{section.3.3}% 46
\BOOKMARK [2][-]{subsection.3.3.2}{\376\377\000H\000a\000n\000d\000l\000i\000n\000g\000\040\000M\000i\000s\000s\000i\000n\000g\000\040\000D\000a\000t\000a}{section.3.3}% 47
\BOOKMARK [2][-]{subsection.3.3.3}{\376\377\000F\000i\000l\000t\000e\000r\000i\000n\000g\000\040\000I\000m\000p\000l\000a\000u\000s\000i\000b\000l\000e\000\040\000N\000u\000t\000r\000i\000t\000i\000o\000n\000a\000l\000\040\000V\000a\000l\000u\000e\000s}{section.3.3}% 48
\BOOKMARK [2][-]{subsection.3.3.4}{\376\377\000D\000a\000t\000a\000\040\000C\000l\000e\000a\000n\000i\000n\000g\000\040\000a\000n\000d\000\040\000D\000e\000d\000u\000p\000l\000i\000c\000a\000t\000i\000o\000n}{section.3.3}% 49
\BOOKMARK [1][-]{section.3.4}{\376\377\000F\000e\000a\000t\000u\000r\000e\000\040\000E\000n\000g\000i\000n\000e\000e\000r\000i\000n\000g\000\040\000a\000n\000d\000\040\000S\000e\000l\000e\000c\000t\000i\000o\000n}{chapter.3}% 50
\BOOKMARK [2][-]{subsection.3.4.1}{\376\377\000F\000e\000a\000t\000u\000r\000e\000\040\000S\000e\000l\000e\000c\000t\000i\000o\000n\000\040\000S\000t\000r\000a\000t\000e\000g\000y}{section.3.4}% 51
\BOOKMARK [2][-]{subsection.3.4.2}{\376\377\000T\000e\000x\000t\000\040\000V\000e\000c\000t\000o\000r\000i\000z\000a\000t\000i\000o\000n\000\040\000w\000i\000t\000h\000\040\000T\000F\000-\000I\000D\000F}{section.3.4}% 52
\BOOKMARK [2][-]{subsection.3.4.3}{\376\377\000T\000F\000-\000I\000D\000F\000\040\000H\000y\000p\000e\000r\000p\000a\000r\000a\000m\000e\000t\000e\000r\000\040\000O\000p\000t\000i\000m\000i\000z\000a\000t\000i\000o\000n}{section.3.4}% 53
\BOOKMARK [1][-]{section.3.5}{\376\377\000M\000o\000d\000e\000l\000\040\000C\000o\000n\000s\000t\000r\000u\000c\000t\000i\000o\000n\000\040\000a\000n\000d\000\040\000T\000r\000a\000i\000n\000i\000n\000g}{chapter.3}% 54
\BOOKMARK [2][-]{subsection.3.5.1}{\376\377\000T\000r\000a\000i\000n\000i\000n\000g\000\040\000S\000e\000t\000\040\000C\000o\000n\000s\000t\000r\000u\000c\000t\000i\000o\000n}{section.3.5}% 55
\BOOKMARK [2][-]{subsection.3.5.2}{\376\377\000M\000o\000d\000e\000l\000\040\000A\000r\000c\000h\000i\000t\000e\000c\000t\000u\000r\000e\000\040\000a\000n\000d\000\040\000A\000l\000g\000o\000r\000i\000t\000h\000m\000\040\000S\000e\000l\000e\000c\000t\000i\000o\000n}{section.3.5}% 56
\BOOKMARK [1][-]{section.3.6}{\376\377\000M\000o\000d\000e\000l\000\040\000E\000v\000a\000l\000u\000a\000t\000i\000o\000n\000\040\000a\000n\000d\000\040\000S\000e\000l\000e\000c\000t\000i\000o\000n}{chapter.3}% 57
\BOOKMARK [2][-]{subsection.3.6.1}{\376\377\000C\000o\000m\000p\000a\000r\000a\000t\000i\000v\000e\000\040\000M\000o\000d\000e\000l\000\040\000A\000n\000a\000l\000y\000s\000i\000s}{section.3.6}% 58
\BOOKMARK [2][-]{subsection.3.6.2}{\376\377\000P\000e\000r\000f\000o\000r\000m\000a\000n\000c\000e\000\040\000M\000e\000t\000r\000i\000c\000s\000\040\000a\000n\000d\000\040\000M\000o\000d\000e\000l\000\040\000S\000e\000l\000e\000c\000t\000i\000o\000n}{section.3.6}% 59
\BOOKMARK [1][-]{section.3.7}{\376\377\000M\000o\000d\000e\000l\000\040\000D\000e\000p\000l\000o\000y\000m\000e\000n\000t}{chapter.3}% 60
\BOOKMARK [1][-]{section.3.8}{\376\377\000C\000o\000n\000c\000l\000u\000s\000i\000o\000n}{chapter.3}% 61
\BOOKMARK [0][-]{chapter.4}{\376\377\000D\000e\000v\000e\000l\000o\000p\000m\000e\000n\000t\000\040\000o\000f\000\040\000r\000e\000c\000o\000m\000m\000e\000n\000d\000a\000t\000i\000o\000n\000\040\000s\000y\000s\000t\000e\000m}{}% 62
\BOOKMARK [1][-]{section.4.1}{\376\377\000V\000e\000c\000t\000o\000r\000\040\000D\000a\000t\000a\000b\000a\000s\000e\000s\000\040\000a\000n\000d\000\040\000S\000e\000m\000a\000n\000t\000i\000c\000\040\000R\000e\000t\000r\000i\000e\000v\000a\000l}{chapter.4}% 63
\BOOKMARK [2][-]{subsection.4.1.1}{\376\377\000F\000u\000n\000d\000a\000m\000e\000n\000t\000a\000l\000s\000\040\000o\000f\000\040\000V\000e\000c\000t\000o\000r\000\040\000D\000a\000t\000a\000b\000a\000s\000e\000s}{section.4.1}% 64
\BOOKMARK [2][-]{subsection.4.1.2}{\376\377\000A\000p\000p\000r\000o\000x\000i\000m\000a\000t\000e\000\040\000N\000e\000a\000r\000e\000s\000t\000\040\000N\000e\000i\000g\000h\000b\000o\000r\000\040\000S\000e\000a\000r\000c\000h}{section.4.1}% 65
\BOOKMARK [2][-]{subsection.4.1.3}{\376\377\000T\000h\000e\000\040\000H\000N\000S\000W\000\040\000A\000l\000g\000o\000r\000i\000t\000h\000m}{section.4.1}% 66
\BOOKMARK [2][-]{subsection.4.1.4}{\376\377\000S\000e\000l\000e\000c\000t\000i\000o\000n\000\040\000o\000f\000\040\000C\000h\000r\000o\000m\000a\000D\000B}{section.4.1}% 67
\BOOKMARK [2][-]{subsection.4.1.5}{\376\377\000V\000e\000c\000t\000o\000r\000\040\000S\000e\000a\000r\000c\000h\000\040\000V\000e\000r\000s\000u\000s\000\040\000T\000r\000a\000d\000i\000t\000i\000o\000n\000a\000l\000\040\000K\000e\000y\000w\000o\000r\000d\000\040\000S\000e\000a\000r\000c\000h}{section.4.1}% 68
\BOOKMARK [2][-]{subsection.4.1.6}{\376\377\000E\000m\000b\000e\000d\000d\000i\000n\000g\000\040\000G\000e\000n\000e\000r\000a\000t\000i\000o\000n}{section.4.1}% 69
\BOOKMARK [1][-]{section.4.2}{\376\377\000S\000y\000s\000t\000e\000m\000\040\000A\000r\000c\000h\000i\000t\000e\000c\000t\000u\000r\000e}{chapter.4}% 70
\BOOKMARK [2][-]{subsection.4.2.1}{\376\377\000H\000y\000b\000r\000i\000d\000\040\000A\000r\000c\000h\000i\000t\000e\000c\000t\000u\000r\000e\000\040\000D\000e\000s\000i\000g\000n}{section.4.2}% 71
\BOOKMARK [2][-]{subsection.4.2.2}{\376\377\000H\000y\000b\000r\000i\000d\000\040\000S\000y\000s\000t\000e\000m\000\040\000w\000i\000t\000h\000\040\000D\000e\000c\000o\000u\000p\000l\000e\000d\000\040\000C\000o\000m\000p\000o\000n\000e\000n\000t\000s}{section.4.2}% 72
\BOOKMARK [2][-]{subsection.4.2.3}{\376\377\000D\000y\000n\000a\000m\000i\000c\000\040\000D\000a\000t\000a\000\040\000U\000p\000d\000a\000t\000e\000\040\000a\000n\000d\000\040\000S\000y\000n\000c\000\040\000A\000r\000c\000h\000i\000t\000e\000c\000t\000u\000r\000e}{section.4.2}% 73
\BOOKMARK [1][-]{section.4.3}{\376\377\000c\000o\000n\000t\000e\000n\000t\000-\000b\000a\000s\000e\000d\000\040\000f\000i\000l\000t\000e\000r\000i\000n\000g}{chapter.4}% 74
\BOOKMARK [2][-]{subsection.4.3.1}{\376\377\000E\000m\000b\000e\000d\000d\000i\000n\000g\000\040\000M\000o\000d\000e\000l\000\040\000E\000v\000a\000l\000u\000a\000t\000i\000o\000n}{section.4.3}% 75
\BOOKMARK [2][-]{subsection.4.3.2}{\376\377\000E\000m\000b\000e\000d\000d\000i\000n\000g\000\040\000M\000o\000d\000e\000l\000\040\000S\000e\000l\000e\000c\000t\000i\000o\000n}{section.4.3}% 76
\BOOKMARK [2][-]{subsection.4.3.3}{\376\377\000C\000B\000\040\000R\000e\000c\000o\000m\000m\000e\000n\000d\000a\000t\000i\000o\000n\000\040\000P\000r\000o\000c\000e\000s\000s}{section.4.3}% 77
\BOOKMARK [1][-]{section.4.4}{\376\377\000C\000o\000l\000l\000a\000b\000o\000r\000a\000t\000i\000v\000e\000\040\000F\000i\000l\000t\000e\000r\000i\000n\000g}{chapter.4}% 78
\BOOKMARK [2][-]{subsection.4.4.1}{\376\377\000O\000v\000e\000r\000v\000i\000e\000w}{section.4.4}% 79
\BOOKMARK [2][-]{subsection.4.4.2}{\376\377\000L\000i\000g\000h\000t\000F\000M\000'\000s\000\040\000C\000o\000l\000l\000a\000b\000o\000r\000a\000t\000i\000v\000e\000\040\000F\000i\000l\000t\000e\000r\000i\000n\000g\000\040\000A\000p\000p\000r\000o\000a\000c\000h}{section.4.4}% 80
\BOOKMARK [2][-]{subsection.4.4.3}{\376\377\000C\000r\000e\000a\000t\000e\000\040\000t\000h\000e\000\040\000i\000n\000t\000e\000r\000a\000c\000t\000i\000o\000n\000\040\000m\000a\000t\000r\000i\000x}{section.4.4}% 81
\BOOKMARK [2][-]{subsection.4.4.4}{\376\377\000L\000o\000s\000s\000\040\000F\000u\000n\000c\000t\000i\000o\000n\000s\000\040\000i\000n\000\040\000L\000i\000g\000h\000t\000F\000M}{section.4.4}% 82
\BOOKMARK [2][-]{subsection.4.4.5}{\376\377\000S\000e\000l\000e\000c\000t\000i\000o\000n\000\040\000o\000f\000\040\000L\000o\000s\000s\000\040\000F\000u\000n\000c\000t\000i\000o\000n}{section.4.4}% 83
\BOOKMARK [1][-]{section.4.5}{\376\377\000B\000e\000n\000c\000h\000m\000a\000r\000k\000i\000n\000g\000\040\000t\000h\000e\000\040\000R\000e\000c\000o\000m\000m\000e\000n\000d\000a\000t\000i\000o\000n\000\040\000S\000y\000s\000t\000e\000m\000:\000\040\000E\000x\000a\000c\000t\000\040\000v\000s\000.\000\040\000A\000N\000N\000\040\000\050\000H\000N\000S\000W\000\051\000\040\000S\000e\000a\000r\000c\000h}{chapter.4}% 84
\BOOKMARK [2][-]{subsection.4.5.1}{\376\377\000T\000h\000e\000o\000r\000e\000t\000i\000c\000a\000l\000\040\000C\000o\000m\000p\000a\000r\000i\000s\000o\000n}{section.4.5}% 85
\BOOKMARK [2][-]{subsection.4.5.2}{\376\377\000E\000x\000p\000e\000r\000i\000m\000e\000n\000t\000a\000l\000\040\000R\000e\000s\000u\000l\000t\000s\000\040\000a\000n\000d\000\040\000S\000c\000a\000l\000a\000b\000i\000l\000i\000t\000y\000\040\000I\000m\000p\000l\000i\000c\000a\000t\000i\000o\000n\000s}{section.4.5}% 86
\BOOKMARK [1][-]{section.4.6}{\376\377\000D\000e\000p\000l\000o\000y\000m\000e\000n\000t}{chapter.4}% 87
\BOOKMARK [2][-]{subsection.4.6.1}{\376\377\000F\000a\000s\000t\000A\000P\000I\000\040\000D\000e\000p\000l\000o\000y\000m\000e\000n\000t}{section.4.6}% 88
\BOOKMARK [2][-]{subsection.4.6.2}{\376\377\000M\000u\000l\000t\000i\000-\000M\000o\000d\000a\000l\000\040\000r\000e\000c\000o\000m\000m\000e\000n\000d\000a\000t\000i\000o\000n\000\040\000d\000e\000p\000l\000o\000y\000m\000e\000n\000t}{section.4.6}% 89
\BOOKMARK [0][-]{chapter.5}{\376\377\000P\000r\000o\000d\000u\000c\000t\000\040\000E\000v\000a\000l\000u\000a\000t\000i\000o\000n\000\040\000a\000n\000d\000\040\000A\000I\000\040\000A\000s\000s\000i\000s\000t\000a\000n\000t\000\040\000i\000n\000\040\000V\000i\000t\000a\000m\000i\000N\000u\000r\000s\000e}{}% 90
\BOOKMARK [1][-]{section*.51}{\376\377\000I\000n\000t\000r\000o\000d\000u\000c\000t\000i\000o\000n}{chapter.5}% 91
\BOOKMARK [1][-]{section.5.1}{\376\377\000A\000d\000v\000a\000n\000c\000e\000d\000\040\000s\000c\000a\000n\000\040\000s\000y\000s\000t\000e\000m\000\040\000w\000i\000t\000h\000\040\000A\000I\000\040\000a\000n\000a\000l\000y\000s\000i\000s\000\040}{chapter.5}% 92
\BOOKMARK [2][-]{subsection.5.1.1}{\376\377\000P\000r\000o\000m\000p\000t\000\040\000E\000n\000g\000i\000n\000e\000e\000r\000i\000n\000g\000\040\000f\000o\000r\000\040\000A\000I\000\040\000A\000n\000a\000l\000y\000s\000i\000s}{section.5.1}% 93
\BOOKMARK [2][-]{subsection.5.1.2}{\376\377\000S\000y\000s\000t\000e\000m\000\040\000O\000p\000e\000r\000a\000t\000i\000o\000n\000\040\000i\000n\000\040\000V\000i\000t\000a\000m\000i\000N\000u\000r\000s\000e}{section.5.1}% 94
\BOOKMARK [1][-]{section.5.2}{\376\377\000T\000h\000e\000\040\000A\000I\000\040\000A\000s\000s\000i\000s\000t\000a\000n\000t}{chapter.5}% 95
\BOOKMARK [1][-]{section.5.3}{\376\377\000S\000y\000s\000t\000e\000m\000\040\000A\000r\000c\000h\000i\000t\000e\000c\000t\000u\000r\000e}{chapter.5}% 96
\BOOKMARK [2][-]{subsection.5.3.1}{\376\377\000U\000s\000e\000r\000\040\000M\000o\000b\000i\000l\000e\000\040\000I\000n\000t\000e\000r\000f\000a\000c\000e}{section.5.3}% 97
\BOOKMARK [2][-]{subsection.5.3.2}{\376\377\000B\000a\000c\000k\000e\000n\000d\000\040\000\050\000F\000a\000s\000t\000A\000P\000I\000\040\000S\000e\000r\000v\000e\000r\000\051}{section.5.3}% 98
\BOOKMARK [2][-]{subsection.5.3.3}{\376\377\000A\000I\000\040\000a\000n\000d\000\040\000D\000a\000t\000a\000\040\000L\000a\000y\000e\000r}{section.5.3}% 99
\BOOKMARK [1][-]{section.5.4}{\376\377\000R\000e\000t\000r\000i\000e\000v\000a\000l\000-\000A\000u\000g\000m\000e\000n\000t\000e\000d\000\040\000G\000e\000n\000e\000r\000a\000t\000i\000o\000n\000\040\000\050\000R\000A\000G\000\051\000\040\000i\000n\000\040\000V\000i\000t\000a\000m\000i\000N\000u\000r\000s\000e}{chapter.5}% 100
\BOOKMARK [2][-]{subsection.5.4.1}{\376\377\000R\000e\000t\000r\000i\000e\000v\000a\000l\000\040\000\050\000R\000\051\000:\000\040\000U\000s\000e\000r\000-\000C\000e\000n\000t\000r\000i\000c\000\040\000C\000o\000n\000t\000e\000x\000t\000\040\000F\000e\000t\000c\000h\000i\000n\000g}{section.5.4}% 101
\BOOKMARK [2][-]{subsection.5.4.2}{\376\377\000A\000u\000g\000m\000e\000n\000t\000a\000t\000i\000o\000n\000\040\000\050\000A\000\051\000:\000\040\000D\000y\000n\000a\000m\000i\000c\000\040\000P\000r\000o\000m\000p\000t\000\040\000P\000e\000r\000s\000o\000n\000a\000l\000i\000z\000a\000t\000i\000o\000n}{section.5.4}% 102
\BOOKMARK [2][-]{subsection.5.4.3}{\376\377\000G\000e\000n\000e\000r\000a\000t\000i\000o\000n\000\040\000\050\000G\000\051\000:\000\040\000P\000e\000r\000s\000o\000n\000a\000l\000i\000z\000e\000d\000\040\000R\000e\000s\000p\000o\000n\000s\000e\000\040\000S\000y\000n\000t\000h\000e\000s\000i\000s}{section.5.4}% 103
\BOOKMARK [1][-]{section.5.5}{\376\377\000C\000h\000a\000l\000l\000e\000n\000g\000e\000s\000\040\000a\000n\000d\000\040\000S\000o\000l\000u\000t\000i\000o\000n\000s}{chapter.5}% 104
\BOOKMARK [1][-]{section.5.6}{\376\377\000F\000u\000t\000u\000r\000e\000\040\000I\000m\000p\000r\000o\000v\000e\000m\000e\000n\000t\000s}{chapter.5}% 105
\BOOKMARK [1][-]{section.5.7}{\376\377\000C\000o\000n\000c\000l\000u\000s\000i\000o\000n}{chapter.5}% 106
\BOOKMARK [1][-]{chapter*.58}{\376\377\000G\000e\000n\000e\000r\000a\000l\000\040\000C\000o\000n\000c\000l\000u\000s\000i\000o\000n}{chapter.5}% 107
\BOOKMARK [0][-]{chapter*.59}{\376\377\000B\000i\000b\000l\000i\000o\000g\000r\000a\000p\000h\000y}{}% 108
